<?xml version="1.0" encoding="UTF-8"?>
<!-- Generated by org.testng.reporters.JUnitReportReporter -->
<testsuite hostname="DESKTOP-CKQHCAE" failures="0" tests="2" name="seleniumprctice.DataProviderDemo" time="13.071" errors="0" timestamp="2025-02-14T16:59:18 IST" skipped="0">
  <testcase classname="seleniumprctice.DataProviderDemo" name="login" time="5.488"/>
  <system-out/>
  <testcase classname="seleniumprctice.DataProviderDemo" name="login" time="7.583"/>
  <system-out/>
</testsuite> <!-- seleniumprctice.DataProviderDemo -->
