<?xml version="1.0" encoding="UTF-8"?>
<!-- Generated by org.testng.reporters.JUnitReportReporter -->
<testsuite hostname="DESKTOP-CKQHCAE" failures="0" tests="1" name="testCases.TC001_AccountRegistrationTest" time="8.364" errors="0" timestamp="2025-02-15T13:19:17 IST" skipped="0">
  <testcase classname="testCases.TC001_AccountRegistrationTest" name="verify_account_registration" time="8.364"/>
  <system-out/>
</testsuite> <!-- testCases.TC001_AccountRegistrationTest -->
