<?xml version="1.0" encoding="UTF-8"?>
<!-- Generated by org.testng.reporters.JUnitReportReporter -->
<testsuite hostname="DESKTOP-CKQHCAE" failures="0" tests="1" name="seleniumprctice.LoginWithPageFactoryPOM" time="9.016" errors="0" timestamp="2025-02-14T16:36:45 IST" skipped="0">
  <testcase classname="seleniumprctice.LoginWithPageFactoryPOM" name="login" time="9.016"/>
  <system-out/>
</testsuite> <!-- seleniumprctice.LoginWithPageFactoryPOM -->
