<?xml version="1.0" encoding="UTF-8"?>
<!-- Generated by org.testng.reporters.JUnitReportReporter -->
<testsuite hostname="DESKTOP-CKQHCAE" failures="0" tests="1" name="testCases.TC002_LoginTest" time="2.815" errors="0" timestamp="2025-02-15T13:21:00 IST" skipped="0">
  <testcase classname="testCases.TC002_LoginTest" name="verify_login" time="2.815"/>
  <system-out/>
</testsuite> <!-- testCases.TC002_LoginTest -->
